生成启动时间为 2013/7/26 12:57:50。
     1>项目“C:\Users\zwy\Desktop\summer\bejeweled\bejeweled\bejeweled.vcxproj”在节点 2 上(build 个目标)。
     1>InitializeBuildStatus:
         正在创建“Debug\bejeweled.unsuccessfulbuild”，因为已指定“AlwaysCreate”。
       ClCompile:
         c:\Program Files (x86)\Microsoft Visual Studio 10.0\VC\bin\CL.exe /c /ZI /nologo /W3 /WX- /Od /Oy- /D _MBCS /Gm /EHsc /RTC1 /MDd /GS /fp:precise /Zc:wchar_t /Zc:forScope /Fo"Debug\\" /Fd"Debug\vc100.pdb" /Gd /TP /analyze- /errorReport:prompt GameBoard.cpp game.cpp
         GameBoard.cpp
     1>c:\users\zwy\desktop\summer\bejeweled\bejeweled\gameboard.cpp(113): warning C4305: “参数”: 从“double”到“float”截断
         正在生成代码...
         正在跳过...(未检测到相关更改)
         game.cpp
       Link:
         c:\Program Files (x86)\Microsoft Visual Studio 10.0\VC\bin\link.exe /ERRORREPORT:PROMPT /OUT:"C:\Users\zwy\Desktop\summer\bejeweled\Debug\bejeweled.exe" /NOLOGO hge.lib hgehelp.lib kernel32.lib user32.lib gdi32.lib winspool.lib comdlg32.lib advapi32.lib shell32.lib ole32.lib oleaut32.lib uuid.lib odbc32.lib odbccp32.lib /NODEFAULTLIB:libc.lib /MANIFEST /ManifestFile:"Debug\bejeweled.exe.intermediate.manifest" /MANIFESTUAC:"level='asInvoker' uiAccess='false'" /DEBUG /PDB:"C:\Users\zwy\Desktop\summer\bejeweled\Debug\bejeweled.pdb" /TLBID:1 /DYNAMICBASE /NXCOMPAT /IMPLIB:"C:\Users\zwy\Desktop\summer\bejeweled\Debug\bejeweled.lib" /MACHINE:X86 Debug\game.obj
         Debug\GameBoard.obj
         Debug\Jewel.obj
         Debug\JewelBoard.obj
         Debug\menuitem.obj
         Debug\MyButton.obj
         Debug\MyMenu.obj
         Debug\PlayBoard.obj
         LINK : 没有找到 C:\Users\zwy\Desktop\summer\bejeweled\Debug\bejeweled.exe 或上一个增量链接没有生成它；正在执行完全链接
         bejeweled.vcxproj -> C:\Users\zwy\Desktop\summer\bejeweled\Debug\bejeweled.exe
       Manifest:
         C:\Program Files (x86)\Microsoft SDKs\Windows\v7.0A\bin\mt.exe /nologo /verbose /outputresource:"C:\Users\zwy\Desktop\summer\bejeweled\Debug\bejeweled.exe;#1" /manifest Debug\bejeweled.exe.intermediate.manifest
       FinalizeBuildStatus:
         正在删除文件“Debug\bejeweled.unsuccessfulbuild”。
         正在对“Debug\bejeweled.lastbuildstate”执行 Touch 任务。
     1>已完成生成项目“C:\Users\zwy\Desktop\summer\bejeweled\bejeweled\bejeweled.vcxproj”(build 个目标)的操作。

生成成功。

已用时间 00:00:03.22
